This file contains any messages produced by compilers while
running configure, to aid debugging if configure makes a mistake.

It was created by gc configure 7.4.0, which was
generated by GNU Autoconf 2.69.  Invocation command line was

  $ ./configure --prefix=/home/chara/Dropbox/compilers/gc/install2

## --------- ##
## Platform. ##
## --------- ##

hostname = chara-Aspire-5750
uname -m = x86_64
uname -r = 3.2.0-63-generic
uname -s = Linux
uname -v = #95-Ubuntu SMP Thu May 15 23:05:57 UTC 2014

/usr/bin/uname -p = unknown
/bin/uname -X     = unknown

/bin/arch              = unknown
/usr/bin/arch -k       = unknown
/usr/convex/getsysinfo = unknown
/usr/bin/hostinfo      = unknown
/bin/machine           = unknown
/usr/bin/oslevel       = unknown
/bin/universe          = unknown

PATH: /usr/lib/lightdm/lightdm
PATH: /usr/local/sbin
PATH: /usr/local/bin
PATH: /usr/sbin
PATH: /usr/bin
PATH: /sbin
PATH: /bin
PATH: /usr/games


## ----------- ##
## Core tests. ##
## ----------- ##

configure:2502: checking build system type
configure:2516: result: x86_64-unknown-linux-gnu
configure:2536: checking host system type
configure:2549: result: x86_64-unknown-linux-gnu
configure:2569: checking target system type
configure:2582: result: x86_64-unknown-linux-gnu
configure:2610: checking GC version numbers
configure:2641: result: major=7 minor=4                 micro=0
configure:2661: checking for a BSD-compatible install
configure:2729: result: /usr/bin/install -c
configure:2740: checking whether build environment is sane
configure:2795: result: yes
configure:2946: checking for a thread-safe mkdir -p
configure:2985: result: /bin/mkdir -p
configure:2992: checking for gawk
configure:3022: result: no
configure:2992: checking for mawk
configure:3008: found /usr/bin/mawk
configure:3019: result: mawk
configure:3030: checking whether make sets $(MAKE)
configure:3052: result: yes
configure:3081: checking whether make supports nested variables
configure:3098: result: yes
configure:3185: checking whether to enable maintainer-specific portions of Makefiles
configure:3194: result: no
configure:3223: checking for style of include used by make
configure:3251: result: GNU
configure:3322: checking for gcc
configure:3338: found /usr/bin/gcc
configure:3349: result: gcc
configure:3578: checking for C compiler version
configure:3587: gcc --version >&5
gcc (Ubuntu/Linaro 4.6.3-1ubuntu5) 4.6.3
Copyright (C) 2011 Free Software Foundation, Inc.
This is free software; see the source for copying conditions.  There is NO
warranty; not even for MERCHANTABILITY or FITNESS FOR A PARTICULAR PURPOSE.

configure:3598: $? = 0
configure:3587: gcc -v >&5
Using built-in specs.
COLLECT_GCC=gcc
COLLECT_LTO_WRAPPER=/usr/lib/gcc/x86_64-linux-gnu/4.6/lto-wrapper
Target: x86_64-linux-gnu
Configured with: ../src/configure -v --with-pkgversion='Ubuntu/Linaro 4.6.3-1ubuntu5' --with-bugurl=file:///usr/share/doc/gcc-4.6/README.Bugs --enable-languages=c,c++,fortran,objc,obj-c++ --prefix=/usr --program-suffix=-4.6 --enable-shared --enable-linker-build-id --with-system-zlib --libexecdir=/usr/lib --without-included-gettext --enable-threads=posix --with-gxx-include-dir=/usr/include/c++/4.6 --libdir=/usr/lib --enable-nls --with-sysroot=/ --enable-clocale=gnu --enable-libstdcxx-debug --enable-libstdcxx-time=yes --enable-gnu-unique-object --enable-plugin --enable-objc-gc --disable-werror --with-arch-32=i686 --with-tune=generic --enable-checking=release --build=x86_64-linux-gnu --host=x86_64-linux-gnu --target=x86_64-linux-gnu
Thread model: posix
gcc version 4.6.3 (Ubuntu/Linaro 4.6.3-1ubuntu5) 
configure:3598: $? = 0
configure:3587: gcc -V >&5
gcc: error: unrecognized option '-V'
gcc: fatal error: no input files
compilation terminated.
configure:3598: $? = 4
configure:3587: gcc -qversion >&5
gcc: error: unrecognized option '-qversion'
gcc: fatal error: no input files
compilation terminated.
configure:3598: $? = 4
configure:3618: checking whether the C compiler works
configure:3640: gcc    conftest.c  >&5
configure:3644: $? = 0
configure:3692: result: yes
configure:3695: checking for C compiler default output file name
configure:3697: result: a.out
configure:3703: checking for suffix of executables
configure:3710: gcc -o conftest    conftest.c  >&5
configure:3714: $? = 0
configure:3736: result: 
configure:3758: checking whether we are cross compiling
configure:3766: gcc -o conftest    conftest.c  >&5
configure:3770: $? = 0
configure:3777: ./conftest
configure:3781: $? = 0
configure:3796: result: no
configure:3801: checking for suffix of object files
configure:3823: gcc -c   conftest.c >&5
configure:3827: $? = 0
configure:3848: result: o
configure:3852: checking whether we are using the GNU C compiler
configure:3871: gcc -c   conftest.c >&5
configure:3871: $? = 0
configure:3880: result: yes
configure:3889: checking whether gcc accepts -g
configure:3909: gcc -c -g  conftest.c >&5
configure:3909: $? = 0
configure:3950: result: yes
configure:3967: checking for gcc option to accept ISO C89
configure:4030: gcc  -c -g -O2  conftest.c >&5
configure:4030: $? = 0
configure:4043: result: none needed
configure:4065: checking dependency style of gcc
configure:4176: result: gcc3
configure:4192: checking whether gcc and cc understand -c and -o together
configure:4223: gcc -c conftest.c -o conftest2.o >&5
configure:4227: $? = 0
configure:4233: gcc -c conftest.c -o conftest2.o >&5
configure:4237: $? = 0
configure:4248: cc -c conftest.c >&5
configure:4252: $? = 0
configure:4260: cc -c conftest.c -o conftest2.o >&5
configure:4264: $? = 0
configure:4270: cc -c conftest.c -o conftest2.o >&5
configure:4274: $? = 0
configure:4292: result: yes
configure:4375: checking for g++
configure:4405: result: no
configure:4375: checking for c++
configure:4405: result: no
configure:4375: checking for gpp
configure:4405: result: no
configure:4375: checking for aCC
configure:4405: result: no
configure:4375: checking for CC
configure:4405: result: no
configure:4375: checking for cxx
configure:4405: result: no
configure:4375: checking for cc++
configure:4405: result: no
configure:4375: checking for cl.exe
configure:4405: result: no
configure:4375: checking for FCC
configure:4405: result: no
configure:4375: checking for KCC
configure:4405: result: no
configure:4375: checking for RCC
configure:4405: result: no
configure:4375: checking for xlC_r
configure:4405: result: no
configure:4375: checking for xlC
configure:4405: result: no
configure:4429: checking for C++ compiler version
configure:4438: g++ --version >&5
./configure: line 4440: g++: command not found
configure:4449: $? = 127
configure:4438: g++ -v >&5
./configure: line 4440: g++: command not found
configure:4449: $? = 127
configure:4438: g++ -V >&5
./configure: line 4440: g++: command not found
configure:4449: $? = 127
configure:4438: g++ -qversion >&5
./configure: line 4440: g++: command not found
configure:4449: $? = 127
configure:4453: checking whether we are using the GNU C++ compiler
configure:4472: g++ -c   conftest.cpp >&5
./configure: line 1694: g++: command not found
configure:4472: $? = 127
configure: failed program was:
| /* confdefs.h */
| #define PACKAGE_NAME "gc"
| #define PACKAGE_TARNAME "gc"
| #define PACKAGE_VERSION "7.4.0"
| #define PACKAGE_STRING "gc 7.4.0"
| #define PACKAGE_BUGREPORT "gc@linux.hpl.hp.com"
| #define PACKAGE_URL ""
| #define GC_VERSION_MAJOR 7
| #define GC_VERSION_MINOR 4
| #define GC_VERSION_MICRO 0
| #define PACKAGE "gc"
| #define VERSION "7.4.0"
| /* end confdefs.h.  */
| 
| int
| main ()
| {
| #ifndef __GNUC__
|        choke me
| #endif
| 
|   ;
|   return 0;
| }
configure:4481: result: no
configure:4490: checking whether g++ accepts -g
configure:4510: g++ -c -g  conftest.cpp >&5
./configure: line 1694: g++: command not found
configure:4510: $? = 127
configure: failed program was:
| /* confdefs.h */
| #define PACKAGE_NAME "gc"
| #define PACKAGE_TARNAME "gc"
| #define PACKAGE_VERSION "7.4.0"
| #define PACKAGE_STRING "gc 7.4.0"
| #define PACKAGE_BUGREPORT "gc@linux.hpl.hp.com"
| #define PACKAGE_URL ""
| #define GC_VERSION_MAJOR 7
| #define GC_VERSION_MINOR 4
| #define GC_VERSION_MICRO 0
| #define PACKAGE "gc"
| #define VERSION "7.4.0"
| /* end confdefs.h.  */
| 
| int
| main ()
| {
| 
|   ;
|   return 0;
| }
configure:4525: g++ -c   conftest.cpp >&5
./configure: line 1694: g++: command not found
configure:4525: $? = 127
configure: failed program was:
| /* confdefs.h */
| #define PACKAGE_NAME "gc"
| #define PACKAGE_TARNAME "gc"
| #define PACKAGE_VERSION "7.4.0"
| #define PACKAGE_STRING "gc 7.4.0"
| #define PACKAGE_BUGREPORT "gc@linux.hpl.hp.com"
| #define PACKAGE_URL ""
| #define GC_VERSION_MAJOR 7
| #define GC_VERSION_MINOR 4
| #define GC_VERSION_MICRO 0
| #define PACKAGE "gc"
| #define VERSION "7.4.0"
| /* end confdefs.h.  */
| 
| int
| main ()
| {
| 
|   ;
|   return 0;
| }
configure:4541: g++ -c -g  conftest.cpp >&5
./configure: line 1694: g++: command not found
configure:4541: $? = 127
configure: failed program was:
| /* confdefs.h */
| #define PACKAGE_NAME "gc"
| #define PACKAGE_TARNAME "gc"
| #define PACKAGE_VERSION "7.4.0"
| #define PACKAGE_STRING "gc 7.4.0"
| #define PACKAGE_BUGREPORT "gc@linux.hpl.hp.com"
| #define PACKAGE_URL ""
| #define GC_VERSION_MAJOR 7
| #define GC_VERSION_MINOR 4
| #define GC_VERSION_MICRO 0
| #define PACKAGE "gc"
| #define VERSION "7.4.0"
| /* end confdefs.h.  */
| 
| int
| main ()
| {
| 
|   ;
|   return 0;
| }
configure:4551: result: no
configure:4576: checking dependency style of g++
configure:4687: result: none
configure:4711: checking dependency style of gcc
configure:4820: result: gcc3
configure:4882: checking how to print strings
configure:4909: result: printf
configure:4930: checking for a sed that does not truncate output
configure:4994: result: /bin/sed
configure:5012: checking for grep that handles long lines and -e
configure:5070: result: /bin/grep
configure:5075: checking for egrep
configure:5137: result: /bin/grep -E
configure:5142: checking for fgrep
configure:5204: result: /bin/grep -F
configure:5239: checking for ld used by gcc
configure:5306: result: /usr/bin/ld
configure:5313: checking if the linker (/usr/bin/ld) is GNU ld
configure:5328: result: yes
configure:5340: checking for BSD- or MS-compatible name lister (nm)
configure:5389: result: /usr/bin/nm -B
configure:5519: checking the name lister (/usr/bin/nm -B) interface
configure:5526: gcc -c -g -O2  conftest.c >&5
configure:5529: /usr/bin/nm -B "conftest.o"
configure:5532: output
0000000000000000 B some_variable
configure:5539: result: BSD nm
configure:5542: checking whether ln -s works
configure:5546: result: yes
configure:5554: checking the maximum length of command line arguments
configure:5684: result: 1572864
configure:5701: checking whether the shell understands some XSI constructs
configure:5711: result: yes
configure:5715: checking whether the shell understands "+="
configure:5721: result: yes
configure:5756: checking how to convert x86_64-unknown-linux-gnu file names to x86_64-unknown-linux-gnu format
configure:5796: result: func_convert_file_noop
configure:5803: checking how to convert x86_64-unknown-linux-gnu file names to toolchain format
configure:5823: result: func_convert_file_noop
configure:5830: checking for /usr/bin/ld option to reload object files
configure:5837: result: -r
configure:5911: checking for objdump
configure:5927: found /usr/bin/objdump
configure:5938: result: objdump
configure:5970: checking how to recognize dependent libraries
configure:6172: result: pass_all
configure:6257: checking for dlltool
configure:6287: result: no
configure:6317: checking how to associate runtime and link libraries
configure:6344: result: printf %s\n
configure:6405: checking for ar
configure:6421: found /usr/bin/ar
configure:6432: result: ar
configure:6469: checking for archiver @FILE support
configure:6486: gcc -c -g -O2  conftest.c >&5
configure:6486: $? = 0
configure:6489: ar cru libconftest.a @conftest.lst >&5
configure:6492: $? = 0
configure:6497: ar cru libconftest.a @conftest.lst >&5
ar: conftest.o: No such file or directory
configure:6500: $? = 1
configure:6512: result: @
configure:6570: checking for strip
configure:6586: found /usr/bin/strip
configure:6597: result: strip
configure:6669: checking for ranlib
configure:6685: found /usr/bin/ranlib
configure:6696: result: ranlib
configure:6798: checking command to parse /usr/bin/nm -B output from gcc object
configure:6918: gcc -c -g -O2  conftest.c >&5
configure:6921: $? = 0
configure:6925: /usr/bin/nm -B conftest.o \| sed -n -e 's/^.*[ ]\([ABCDGIRSTW][ABCDGIRSTW]*\)[ ][ ]*\([_A-Za-z][_A-Za-z0-9]*\)$/\1 \2 \2/p' | sed '/ __gnu_lto/d' \> conftest.nm
configure:6928: $? = 0
configure:6994: gcc -o conftest -g -O2   conftest.c conftstm.o >&5
configure:6997: $? = 0
configure:7035: result: ok
configure:7072: checking for sysroot
configure:7102: result: no
configure:7179: gcc -c -g -O2  conftest.c >&5
configure:7182: $? = 0
configure:7358: checking for mt
configure:7374: found /bin/mt
configure:7385: result: mt
configure:7408: checking if mt is a manifest tool
configure:7414: mt '-?'
configure:7422: result: no
configure:8064: checking how to run the C preprocessor
configure:8095: gcc -E  conftest.c
configure:8095: $? = 0
configure:8109: gcc -E  conftest.c
conftest.c:14:28: fatal error: ac_nonexistent.h: No such file or directory
compilation terminated.
configure:8109: $? = 1
configure: failed program was:
| /* confdefs.h */
| #define PACKAGE_NAME "gc"
| #define PACKAGE_TARNAME "gc"
| #define PACKAGE_VERSION "7.4.0"
| #define PACKAGE_STRING "gc 7.4.0"
| #define PACKAGE_BUGREPORT "gc@linux.hpl.hp.com"
| #define PACKAGE_URL ""
| #define GC_VERSION_MAJOR 7
| #define GC_VERSION_MINOR 4
| #define GC_VERSION_MICRO 0
| #define PACKAGE "gc"
| #define VERSION "7.4.0"
| /* end confdefs.h.  */
| #include <ac_nonexistent.h>
configure:8134: result: gcc -E
configure:8154: gcc -E  conftest.c
configure:8154: $? = 0
configure:8168: gcc -E  conftest.c
conftest.c:14:28: fatal error: ac_nonexistent.h: No such file or directory
compilation terminated.
configure:8168: $? = 1
configure: failed program was:
| /* confdefs.h */
| #define PACKAGE_NAME "gc"
| #define PACKAGE_TARNAME "gc"
| #define PACKAGE_VERSION "7.4.0"
| #define PACKAGE_STRING "gc 7.4.0"
| #define PACKAGE_BUGREPORT "gc@linux.hpl.hp.com"
| #define PACKAGE_URL ""
| #define GC_VERSION_MAJOR 7
| #define GC_VERSION_MINOR 4
| #define GC_VERSION_MICRO 0
| #define PACKAGE "gc"
| #define VERSION "7.4.0"
| /* end confdefs.h.  */
| #include <ac_nonexistent.h>
configure:8197: checking for ANSI C header files
configure:8217: gcc -c -g -O2  conftest.c >&5
configure:8217: $? = 0
configure:8290: gcc -o conftest -g -O2   conftest.c  >&5
configure:8290: $? = 0
configure:8290: ./conftest
configure:8290: $? = 0
configure:8301: result: yes
configure:8314: checking for sys/types.h
configure:8314: gcc -c -g -O2  conftest.c >&5
configure:8314: $? = 0
configure:8314: result: yes
configure:8314: checking for sys/stat.h
configure:8314: gcc -c -g -O2  conftest.c >&5
configure:8314: $? = 0
configure:8314: result: yes
configure:8314: checking for stdlib.h
configure:8314: gcc -c -g -O2  conftest.c >&5
configure:8314: $? = 0
configure:8314: result: yes
configure:8314: checking for string.h
configure:8314: gcc -c -g -O2  conftest.c >&5
configure:8314: $? = 0
configure:8314: result: yes
configure:8314: checking for memory.h
configure:8314: gcc -c -g -O2  conftest.c >&5
configure:8314: $? = 0
configure:8314: result: yes
configure:8314: checking for strings.h
configure:8314: gcc -c -g -O2  conftest.c >&5
configure:8314: $? = 0
configure:8314: result: yes
configure:8314: checking for inttypes.h
configure:8314: gcc -c -g -O2  conftest.c >&5
configure:8314: $? = 0
configure:8314: result: yes
configure:8314: checking for stdint.h
configure:8314: gcc -c -g -O2  conftest.c >&5
configure:8314: $? = 0
configure:8314: result: yes
configure:8314: checking for unistd.h
configure:8314: gcc -c -g -O2  conftest.c >&5
configure:8314: $? = 0
configure:8314: result: yes
configure:8328: checking for dlfcn.h
configure:8328: gcc -c -g -O2  conftest.c >&5
configure:8328: $? = 0
configure:8328: result: yes
configure:8545: checking for objdir
configure:8560: result: .libs
configure:8831: checking if gcc supports -fno-rtti -fno-exceptions
configure:8849: gcc -c -g -O2  -fno-rtti -fno-exceptions conftest.c >&5
cc1: warning: command line option '-fno-rtti' is valid for C++/ObjC++ but not for C [enabled by default]
configure:8853: $? = 0
configure:8866: result: no
configure:9193: checking for gcc option to produce PIC
configure:9200: result: -fPIC -DPIC
configure:9208: checking if gcc PIC flag -fPIC -DPIC works
configure:9226: gcc -c -g -O2  -fPIC -DPIC -DPIC conftest.c >&5
configure:9230: $? = 0
configure:9243: result: yes
configure:9272: checking if gcc static flag -static works
configure:9300: result: yes
configure:9315: checking if gcc supports -c -o file.o
configure:9336: gcc -c -g -O2  -o out/conftest2.o conftest.c >&5
configure:9340: $? = 0
configure:9362: result: yes
configure:9370: checking if gcc supports -c -o file.o
configure:9417: result: yes
configure:9450: checking whether the gcc linker (/usr/bin/ld -m elf_x86_64) supports shared libraries
configure:10603: result: yes
configure:10640: checking whether -lc should be explicitly linked in
configure:10648: gcc -c -g -O2  conftest.c >&5
configure:10651: $? = 0
configure:10666: gcc -shared  -fPIC -DPIC conftest.o  -v -Wl,-soname -Wl,conftest -o conftest 2\>\&1 \| /bin/grep  -lc  \>/dev/null 2\>\&1
configure:10669: $? = 0
configure:10683: result: no
configure:10843: checking dynamic linker characteristics
configure:11354: gcc -o conftest -g -O2   -Wl,-rpath -Wl,/foo conftest.c  >&5
configure:11354: $? = 0
configure:11576: result: GNU/Linux ld.so
configure:11683: checking how to hardcode library paths into programs
configure:11708: result: immediate
configure:12248: checking whether stripping libraries is possible
configure:12253: result: yes
configure:12288: checking if libtool supports shared libraries
configure:12290: result: yes
configure:12293: checking whether to build shared libraries
configure:12314: result: yes
configure:12317: checking whether to build static libraries
configure:12321: result: yes
configure:15609: checking for thread model used by GCC
configure:15623: result: posix
configure:15675: checking for inline
configure:15691: gcc -c -g -O2  conftest.c >&5
configure:15691: $? = 0
configure:15699: result: inline
configure:15727: checking for pthread_self in -lpthread
configure:15752: gcc -o conftest -g -O2   conftest.c -lpthread   >&5
configure:15752: $? = 0
configure:15761: result: yes
configure:15780: WARNING: "Explicit GC_INIT() calls may be required."
configure:16082: checking for gcc -Wextra
configure:16097: gcc -c -Wextra -g -O2  conftest.c >&5
configure:16097: $? = 0
configure:16104: result: yes
configure:16114: checking for xlc
configure:16131: gcc -c -Wall -Wextra -g -O2  conftest.c >&5
conftest.c: In function 'main':
conftest.c:36:4: error: #error 
configure:16131: $? = 1
configure: failed program was:
| /* confdefs.h */
| #define PACKAGE_NAME "gc"
| #define PACKAGE_TARNAME "gc"
| #define PACKAGE_VERSION "7.4.0"
| #define PACKAGE_STRING "gc 7.4.0"
| #define PACKAGE_BUGREPORT "gc@linux.hpl.hp.com"
| #define PACKAGE_URL ""
| #define GC_VERSION_MAJOR 7
| #define GC_VERSION_MINOR 4
| #define GC_VERSION_MICRO 0
| #define PACKAGE "gc"
| #define VERSION "7.4.0"
| #define STDC_HEADERS 1
| #define HAVE_SYS_TYPES_H 1
| #define HAVE_SYS_STAT_H 1
| #define HAVE_STDLIB_H 1
| #define HAVE_STRING_H 1
| #define HAVE_MEMORY_H 1
| #define HAVE_STRINGS_H 1
| #define HAVE_INTTYPES_H 1
| #define HAVE_STDINT_H 1
| #define HAVE_UNISTD_H 1
| #define HAVE_DLFCN_H 1
| #define LT_OBJDIR ".libs/"
| #define GC_LINUX_THREADS 1
| #define _REENTRANT 1
| #define PARALLEL_MARK 1
| #define THREAD_LOCAL_ALLOC 1
| /* end confdefs.h.  */
| 
| int
| main ()
| {
| 
|  #ifndef __xlC__
|  # error
|  #endif
| 
|   ;
|   return 0;
| }
configure:16137: result: no
configure:16156: checking whether gcc supports -fno-strict-aliasing
configure:16182: gcc -c -Wall -Wextra -g -O2 -fno-strict-aliasing  conftest.c >&5
configure:16182: $? = 0
configure:16191: result: yes
configure:16204: checking for dlopen in -ldl
configure:16229: gcc -o conftest -Wall -Wextra -g -O2 -fno-strict-aliasing   conftest.c -ldl   >&5
configure:16229: $? = 0
configure:16238: result: yes
configure:16337: checking whether to build shared libraries
configure:16376: result: yes
configure:16419: checking which machine-dependent code should be used
configure:16456: result: 
configure:16488: checking whether Solaris gcc optimization fix is necessary
configure:16511: result: no
configure:16640: checking for dladdr
configure:16659: gcc -c -Wall -Wextra -g -O2 -fno-strict-aliasing  conftest.c >&5
configure:16659: $? = 0
configure:16663: result: yes
configure:16673: checking sys/dg_sys_info.h usability
configure:16673: gcc -c -Wall -Wextra -g -O2 -fno-strict-aliasing  conftest.c >&5
conftest.c:67:29: fatal error: sys/dg_sys_info.h: No such file or directory
compilation terminated.
configure:16673: $? = 1
configure: failed program was:
| /* confdefs.h */
| #define PACKAGE_NAME "gc"
| #define PACKAGE_TARNAME "gc"
| #define PACKAGE_VERSION "7.4.0"
| #define PACKAGE_STRING "gc 7.4.0"
| #define PACKAGE_BUGREPORT "gc@linux.hpl.hp.com"
| #define PACKAGE_URL ""
| #define GC_VERSION_MAJOR 7
| #define GC_VERSION_MINOR 4
| #define GC_VERSION_MICRO 0
| #define PACKAGE "gc"
| #define VERSION "7.4.0"
| #define STDC_HEADERS 1
| #define HAVE_SYS_TYPES_H 1
| #define HAVE_SYS_STAT_H 1
| #define HAVE_STDLIB_H 1
| #define HAVE_STRING_H 1
| #define HAVE_MEMORY_H 1
| #define HAVE_STRINGS_H 1
| #define HAVE_INTTYPES_H 1
| #define HAVE_STDINT_H 1
| #define HAVE_UNISTD_H 1
| #define HAVE_DLFCN_H 1
| #define LT_OBJDIR ".libs/"
| #define GC_LINUX_THREADS 1
| #define _REENTRANT 1
| #define PARALLEL_MARK 1
| #define THREAD_LOCAL_ALLOC 1
| #define NO_EXECUTE_PERMISSION 1
| #define ALL_INTERIOR_POINTERS 1
| #define GC_GCJ_SUPPORT 1
| #define HAVE_DLADDR 1
| /* end confdefs.h.  */
| #include <stdio.h>
| #ifdef HAVE_SYS_TYPES_H
| # include <sys/types.h>
| #endif
| #ifdef HAVE_SYS_STAT_H
| # include <sys/stat.h>
| #endif
| #ifdef STDC_HEADERS
| # include <stdlib.h>
| # include <stddef.h>
| #else
| # ifdef HAVE_STDLIB_H
| #  include <stdlib.h>
| # endif
| #endif
| #ifdef HAVE_STRING_H
| # if !defined STDC_HEADERS && defined HAVE_MEMORY_H
| #  include <memory.h>
| # endif
| # include <string.h>
| #endif
| #ifdef HAVE_STRINGS_H
| # include <strings.h>
| #endif
| #ifdef HAVE_INTTYPES_H
| # include <inttypes.h>
| #endif
| #ifdef HAVE_STDINT_H
| # include <stdint.h>
| #endif
| #ifdef HAVE_UNISTD_H
| # include <unistd.h>
| #endif
| #include <sys/dg_sys_info.h>
configure:16673: result: no
configure:16673: checking sys/dg_sys_info.h presence
configure:16673: gcc -E  conftest.c
conftest.c:34:29: fatal error: sys/dg_sys_info.h: No such file or directory
compilation terminated.
configure:16673: $? = 1
configure: failed program was:
| /* confdefs.h */
| #define PACKAGE_NAME "gc"
| #define PACKAGE_TARNAME "gc"
| #define PACKAGE_VERSION "7.4.0"
| #define PACKAGE_STRING "gc 7.4.0"
| #define PACKAGE_BUGREPORT "gc@linux.hpl.hp.com"
| #define PACKAGE_URL ""
| #define GC_VERSION_MAJOR 7
| #define GC_VERSION_MINOR 4
| #define GC_VERSION_MICRO 0
| #define PACKAGE "gc"
| #define VERSION "7.4.0"
| #define STDC_HEADERS 1
| #define HAVE_SYS_TYPES_H 1
| #define HAVE_SYS_STAT_H 1
| #define HAVE_STDLIB_H 1
| #define HAVE_STRING_H 1
| #define HAVE_MEMORY_H 1
| #define HAVE_STRINGS_H 1
| #define HAVE_INTTYPES_H 1
| #define HAVE_STDINT_H 1
| #define HAVE_UNISTD_H 1
| #define HAVE_DLFCN_H 1
| #define LT_OBJDIR ".libs/"
| #define GC_LINUX_THREADS 1
| #define _REENTRANT 1
| #define PARALLEL_MARK 1
| #define THREAD_LOCAL_ALLOC 1
| #define NO_EXECUTE_PERMISSION 1
| #define ALL_INTERIOR_POINTERS 1
| #define GC_GCJ_SUPPORT 1
| #define HAVE_DLADDR 1
| /* end confdefs.h.  */
| #include <sys/dg_sys_info.h>
configure:16673: result: no
configure:16673: checking for sys/dg_sys_info.h
configure:16673: result: no
configure:16948: checking for pkg-config
configure:16966: found /usr/bin/pkg-config
configure:16978: result: /usr/bin/pkg-config
configure:17003: checking pkg-config is at least version 0.9.0
configure:17006: result: yes
configure:17017: checking for ATOMIC_OPS
configure:17024: $PKG_CONFIG --exists --print-errors "atomic_ops"
Package atomic_ops was not found in the pkg-config search path.
Perhaps you should add the directory containing `atomic_ops.pc'
to the PKG_CONFIG_PATH environment variable
No package 'atomic_ops' found
configure:17027: $? = 1
configure:17041: $PKG_CONFIG --exists --print-errors "atomic_ops"
Package atomic_ops was not found in the pkg-config search path.
Perhaps you should add the directory containing `atomic_ops.pc'
to the PKG_CONFIG_PATH environment variable
No package 'atomic_ops' found
configure:17044: $? = 1
configure:17058: result: no
No package 'atomic_ops' found
configure:17097: error: libatomic_ops is required.  You can either install it on
                  your system, or fetch and unpack a recent version into the
                  source directory and link or rename it to libatomic_ops.

## ---------------- ##
## Cache variables. ##
## ---------------- ##

ac_cv_build=x86_64-unknown-linux-gnu
ac_cv_c_compiler_gnu=yes
ac_cv_c_inline=inline
ac_cv_cc_wextra=yes
ac_cv_cxx_compiler_gnu=no
ac_cv_env_ATOMIC_OPS_CFLAGS_set=
ac_cv_env_ATOMIC_OPS_CFLAGS_value=
ac_cv_env_ATOMIC_OPS_LIBS_set=
ac_cv_env_ATOMIC_OPS_LIBS_value=
ac_cv_env_CCASFLAGS_set=
ac_cv_env_CCASFLAGS_value=
ac_cv_env_CCAS_set=
ac_cv_env_CCAS_value=
ac_cv_env_CCC_set=
ac_cv_env_CCC_value=
ac_cv_env_CC_set=
ac_cv_env_CC_value=
ac_cv_env_CFLAGS_set=
ac_cv_env_CFLAGS_value=
ac_cv_env_CPPFLAGS_set=
ac_cv_env_CPPFLAGS_value=
ac_cv_env_CPP_set=
ac_cv_env_CPP_value=
ac_cv_env_CXXCPP_set=
ac_cv_env_CXXCPP_value=
ac_cv_env_CXXFLAGS_set=
ac_cv_env_CXXFLAGS_value=
ac_cv_env_CXX_set=
ac_cv_env_CXX_value=
ac_cv_env_LDFLAGS_set=
ac_cv_env_LDFLAGS_value=
ac_cv_env_LIBS_set=
ac_cv_env_LIBS_value=
ac_cv_env_PKG_CONFIG_LIBDIR_set=
ac_cv_env_PKG_CONFIG_LIBDIR_value=
ac_cv_env_PKG_CONFIG_PATH_set=
ac_cv_env_PKG_CONFIG_PATH_value=
ac_cv_env_PKG_CONFIG_set=
ac_cv_env_PKG_CONFIG_value=
ac_cv_env_build_alias_set=
ac_cv_env_build_alias_value=
ac_cv_env_host_alias_set=
ac_cv_env_host_alias_value=
ac_cv_env_target_alias_set=
ac_cv_env_target_alias_value=
ac_cv_fno_strict_aliasing=yes
ac_cv_header_dlfcn_h=yes
ac_cv_header_inttypes_h=yes
ac_cv_header_memory_h=yes
ac_cv_header_stdc=yes
ac_cv_header_stdint_h=yes
ac_cv_header_stdlib_h=yes
ac_cv_header_string_h=yes
ac_cv_header_strings_h=yes
ac_cv_header_sys_dg_sys_info_h=no
ac_cv_header_sys_stat_h=yes
ac_cv_header_sys_types_h=yes
ac_cv_header_unistd_h=yes
ac_cv_host=x86_64-unknown-linux-gnu
ac_cv_lib_dl_dlopen=yes
ac_cv_lib_pthread_pthread_self=yes
ac_cv_objext=o
ac_cv_path_EGREP='/bin/grep -E'
ac_cv_path_FGREP='/bin/grep -F'
ac_cv_path_GREP=/bin/grep
ac_cv_path_SED=/bin/sed
ac_cv_path_ac_pt_PKG_CONFIG=/usr/bin/pkg-config
ac_cv_path_install='/usr/bin/install -c'
ac_cv_path_mkdir=/bin/mkdir
ac_cv_prog_AWK=mawk
ac_cv_prog_CPP='gcc -E'
ac_cv_prog_ac_ct_AR=ar
ac_cv_prog_ac_ct_CC=gcc
ac_cv_prog_ac_ct_MANIFEST_TOOL=mt
ac_cv_prog_ac_ct_OBJDUMP=objdump
ac_cv_prog_ac_ct_RANLIB=ranlib
ac_cv_prog_ac_ct_STRIP=strip
ac_cv_prog_cc_c89=
ac_cv_prog_cc_g=yes
ac_cv_prog_cc_gcc_c_o=yes
ac_cv_prog_cxx_g=no
ac_cv_prog_make_make_set=yes
ac_cv_target=x86_64-unknown-linux-gnu
am_cv_CCAS_dependencies_compiler_type=gcc3
am_cv_CC_dependencies_compiler_type=gcc3
am_cv_CXX_dependencies_compiler_type=none
am_cv_make_support_nested_variables=yes
lt_cv_ar_at_file=@
lt_cv_archive_cmds_need_lc=no
lt_cv_deplibs_check_method=pass_all
lt_cv_file_magic_cmd='$MAGIC_CMD'
lt_cv_file_magic_test_file=
lt_cv_ld_reload_flag=-r
lt_cv_nm_interface='BSD nm'
lt_cv_objdir=.libs
lt_cv_path_LD=/usr/bin/ld
lt_cv_path_NM='/usr/bin/nm -B'
lt_cv_path_mainfest_tool=no
lt_cv_prog_compiler_c_o=yes
lt_cv_prog_compiler_pic='-fPIC -DPIC'
lt_cv_prog_compiler_pic_works=yes
lt_cv_prog_compiler_rtti_exceptions=no
lt_cv_prog_compiler_static_works=yes
lt_cv_prog_gnu_ld=yes
lt_cv_sharedlib_from_linklib_cmd='printf %s\n'
lt_cv_shlibpath_overrides_runpath=no
lt_cv_sys_global_symbol_pipe='sed -n -e '\''s/^.*[	 ]\([ABCDGIRSTW][ABCDGIRSTW]*\)[	 ][	 ]*\([_A-Za-z][_A-Za-z0-9]*\)$/\1 \2 \2/p'\'' | sed '\''/ __gnu_lto/d'\'''
lt_cv_sys_global_symbol_to_c_name_address='sed -n -e '\''s/^: \([^ ]*\)[ ]*$/  {\"\1\", (void *) 0},/p'\'' -e '\''s/^[ABCDGIRSTW]* \([^ ]*\) \([^ ]*\)$/  {"\2", (void *) \&\2},/p'\'''
lt_cv_sys_global_symbol_to_c_name_address_lib_prefix='sed -n -e '\''s/^: \([^ ]*\)[ ]*$/  {\"\1\", (void *) 0},/p'\'' -e '\''s/^[ABCDGIRSTW]* \([^ ]*\) \(lib[^ ]*\)$/  {"\2", (void *) \&\2},/p'\'' -e '\''s/^[ABCDGIRSTW]* \([^ ]*\) \([^ ]*\)$/  {"lib\2", (void *) \&\2},/p'\'''
lt_cv_sys_global_symbol_to_cdecl='sed -n -e '\''s/^T .* \(.*\)$/extern int \1();/p'\'' -e '\''s/^[ABCDGIRSTW]* .* \(.*\)$/extern char \1;/p'\'''
lt_cv_sys_max_cmd_len=1572864
lt_cv_to_host_file_cmd=func_convert_file_noop
lt_cv_to_tool_file_cmd=func_convert_file_noop

## ----------------- ##
## Output variables. ##
## ----------------- ##

ACLOCAL='${SHELL} /home/chara/Dropbox/compilers/gc/missing aclocal-1.13'
AMDEPBACKSLASH='\'
AMDEP_FALSE='#'
AMDEP_TRUE=''
AMTAR='$${TAR-tar}'
AM_BACKSLASH='\'
AM_CFLAGS=''
AM_CPPFLAGS=''
AM_DEFAULT_V='$(AM_DEFAULT_VERBOSITY)'
AM_DEFAULT_VERBOSITY='1'
AM_V='$(V)'
AR='ar'
ATOMIC_OPS_CFLAGS=''
ATOMIC_OPS_LIBS=''
AUTOCONF='${SHELL} /home/chara/Dropbox/compilers/gc/missing autoconf'
AUTOHEADER='${SHELL} /home/chara/Dropbox/compilers/gc/missing autoheader'
AUTOMAKE='${SHELL} /home/chara/Dropbox/compilers/gc/missing automake-1.13'
AVOID_CPP_LIB_FALSE=''
AVOID_CPP_LIB_TRUE='#'
AWK='mawk'
CC='gcc'
CCAS='gcc'
CCASDEPMODE='depmode=gcc3'
CCASFLAGS='-g -O2'
CCDEPMODE='depmode=gcc3'
CFLAGS='-Wall -Wextra -g -O2 -fno-strict-aliasing'
COMPILER_XLC_FALSE=''
COMPILER_XLC_TRUE='#'
CPLUSPLUS_FALSE=''
CPLUSPLUS_TRUE='#'
CPP='gcc -E'
CPPFLAGS=''
CXX='g++'
CXXCPP=''
CXXDEPMODE='depmode=none'
CXXFLAGS=''
CXXLIBS=''
CYGPATH_W='echo'
DARWIN_THREADS_FALSE=''
DARWIN_THREADS_TRUE='#'
DEFS=''
DEPDIR='.deps'
DLLTOOL='false'
DSYMUTIL=''
DUMPBIN=''
ECHO_C=''
ECHO_N='-n'
ECHO_T=''
EGREP='/bin/grep -E'
ENABLE_DISCLAIM_FALSE='#'
ENABLE_DISCLAIM_TRUE=''
EXEEXT=''
EXTRA_TEST_LIBS=''
FGREP='/bin/grep -F'
GC_CFLAGS=' -fexceptions'
GC_VERSION=''
GREP='/bin/grep'
INSTALL_DATA='${INSTALL} -m 644'
INSTALL_PROGRAM='${INSTALL}'
INSTALL_SCRIPT='${INSTALL}'
INSTALL_STRIP_PROGRAM='$(install_sh) -c -s'
KEEP_BACK_PTRS_FALSE=''
KEEP_BACK_PTRS_TRUE='#'
LD='/usr/bin/ld -m elf_x86_64'
LDFLAGS=''
LIBOBJS=''
LIBS=''
LIBTOOL='$(SHELL) $(top_builddir)/libtool'
LIPO=''
LN_S='ln -s'
LTLIBOBJS=''
MAINT='#'
MAINTAINER_MODE_FALSE=''
MAINTAINER_MODE_TRUE='#'
MAKEINFO='${SHELL} /home/chara/Dropbox/compilers/gc/missing makeinfo'
MAKE_BACK_GRAPH_FALSE=''
MAKE_BACK_GRAPH_TRUE='#'
MANIFEST_TOOL=':'
MKDIR_P='/bin/mkdir -p'
NEED_ATOMIC_OPS_ASM_FALSE=''
NEED_ATOMIC_OPS_ASM_TRUE=''
NM='/usr/bin/nm -B'
NMEDIT=''
OBJDUMP='objdump'
OBJEXT='o'
OTOOL64=''
OTOOL=''
PACKAGE='gc'
PACKAGE_BUGREPORT='gc@linux.hpl.hp.com'
PACKAGE_NAME='gc'
PACKAGE_STRING='gc 7.4.0'
PACKAGE_TARNAME='gc'
PACKAGE_URL=''
PACKAGE_VERSION='7.4.0'
PATH_SEPARATOR=':'
PKG_CONFIG='/usr/bin/pkg-config'
PKG_CONFIG_LIBDIR=''
PKG_CONFIG_PATH=''
PTHREADS_FALSE='#'
PTHREADS_TRUE=''
RANLIB='ranlib'
SED='/bin/sed'
SET_MAKE=''
SHELL='/bin/bash'
SINGLE_GC_OBJ_FALSE=''
SINGLE_GC_OBJ_TRUE='#'
STRIP='strip'
THREADDLLIBS='-lpthread -ldl'
THREADS_FALSE='#'
THREADS_TRUE=''
UNWINDLIBS=''
USE_INTERNAL_LIBATOMIC_OPS_FALSE=''
USE_INTERNAL_LIBATOMIC_OPS_TRUE=''
USE_LIBDIR_FALSE='#'
USE_LIBDIR_TRUE=''
VERSION='7.4.0'
WIN32_THREADS_FALSE=''
WIN32_THREADS_TRUE='#'
ac_ct_AR='ar'
ac_ct_CC='gcc'
ac_ct_CXX=''
ac_ct_DUMPBIN=''
addlibs=''
addobjs=' '
am__EXEEXT_FALSE=''
am__EXEEXT_TRUE=''
am__fastdepCCAS_FALSE='#'
am__fastdepCCAS_TRUE=''
am__fastdepCC_FALSE='#'
am__fastdepCC_TRUE=''
am__fastdepCXX_FALSE=''
am__fastdepCXX_TRUE='#'
am__include='include'
am__isrc=''
am__leading_dot='.'
am__nodep='_no'
am__quote=''
am__tar='$${TAR-tar} chof - "$$tardir"'
am__untar='$${TAR-tar} xf -'
bindir='${exec_prefix}/bin'
build='x86_64-unknown-linux-gnu'
build_alias=''
build_cpu='x86_64'
build_os='linux-gnu'
build_vendor='unknown'
datadir='${datarootdir}'
datarootdir='${prefix}/share'
docdir='${datarootdir}/doc/${PACKAGE_TARNAME}'
dvidir='${docdir}'
exec_prefix='NONE'
extra_ldflags_libgc=''
host='x86_64-unknown-linux-gnu'
host_alias=''
host_cpu='x86_64'
host_os='linux-gnu'
host_vendor='unknown'
htmldir='${docdir}'
includedir='${prefix}/include'
infodir='${datarootdir}/info'
install_sh='${SHELL} /home/chara/Dropbox/compilers/gc/install-sh'
libdir='${exec_prefix}/lib'
libexecdir='${exec_prefix}/libexec'
localedir='${datarootdir}/locale'
localstatedir='${prefix}/var'
mandir='${datarootdir}/man'
mkdir_p='$(MKDIR_P)'
oldincludedir='/usr/include'
pdfdir='${docdir}'
prefix='/home/chara/Dropbox/compilers/gc/install2'
program_transform_name='s,x,x,'
psdir='${docdir}'
sbindir='${exec_prefix}/sbin'
sharedstatedir='${prefix}/com'
subdirs=''
sysconfdir='${prefix}/etc'
target='x86_64-unknown-linux-gnu'
target_alias=''
target_all='libgc.la'
target_cpu='x86_64'
target_os='linux-gnu'
target_vendor='unknown'

## ----------- ##
## confdefs.h. ##
## ----------- ##

/* confdefs.h */
#define PACKAGE_NAME "gc"
#define PACKAGE_TARNAME "gc"
#define PACKAGE_VERSION "7.4.0"
#define PACKAGE_STRING "gc 7.4.0"
#define PACKAGE_BUGREPORT "gc@linux.hpl.hp.com"
#define PACKAGE_URL ""
#define GC_VERSION_MAJOR 7
#define GC_VERSION_MINOR 4
#define GC_VERSION_MICRO 0
#define PACKAGE "gc"
#define VERSION "7.4.0"
#define STDC_HEADERS 1
#define HAVE_SYS_TYPES_H 1
#define HAVE_SYS_STAT_H 1
#define HAVE_STDLIB_H 1
#define HAVE_STRING_H 1
#define HAVE_MEMORY_H 1
#define HAVE_STRINGS_H 1
#define HAVE_INTTYPES_H 1
#define HAVE_STDINT_H 1
#define HAVE_UNISTD_H 1
#define HAVE_DLFCN_H 1
#define LT_OBJDIR ".libs/"
#define GC_LINUX_THREADS 1
#define _REENTRANT 1
#define PARALLEL_MARK 1
#define THREAD_LOCAL_ALLOC 1
#define NO_EXECUTE_PERMISSION 1
#define ALL_INTERIOR_POINTERS 1
#define GC_GCJ_SUPPORT 1
#define HAVE_DLADDR 1
#define JAVA_FINALIZATION 1
#define ATOMIC_UNCOLLECTABLE 1
#define ENABLE_DISCLAIM 1

configure: exit 1
